[2021-05-26 11:37:49] [INFO] [com.wave4traders.datafeeds.BhavHandler processBhavcopy] Processing date... 2021-05-26
[2021-05-26 11:37:49] [INFO] [com.wave4traders.datafeeds.BhavHandler processBhavcopy] Done.
[2021-05-26 11:37:51] [INFO] [com.wave4traders.utils.ATUtil printTrades] ############ Live Trades Summary ################

[2021-05-26 11:37:51] [INFO] [com.wave4traders.utils.ATUtil printTrades] Total Trades: 2, Overall Profit: 0.35%,

[2021-05-26 11:37:51] [INFO] [com.wave4traders.utils.ATUtil downloadFile] Downloading: https://etmarketsapis.indiatimes.com/ET_Stats/getAllIndices?exchange=nse&pagesize=100
[2021-05-26 11:37:53] [INFO] [com.wave4traders.utils.ATUtil downloadFile] Done.
[2021-05-26 11:37:54] [INFO] [com.wave4traders.managers.BarSeriesManager getBarSeries] BarSeries last updated: 26-05-2021 11:37 am Nifty 50
[2021-05-26 11:37:54] [INFO] [com.wave4traders.datafeeds.MarginZrdha parseMarginFile] Margin Last updated: 25 May 2021
[2021-05-26 11:37:54] [INFO] [com.wave4traders.utils.ATUtil downloadFile] Downloading: https://www.moneycontrol.com/india/indexfutures/nifty/9
[2021-05-26 11:38:00] [INFO] [com.wave4traders.utils.ATUtil downloadFile] Done.
[2021-05-26 11:38:01] [INFO] [com.wave4traders.utils.ATUtil downloadFile] Downloading: https://www.moneycontrol.com/india/indexfutures/nifty/9
[2021-05-26 11:38:05] [INFO] [com.wave4traders.utils.ATUtil downloadFile] Done.
[2021-05-26 11:38:08] [INFO] [com.wave4traders.view.HomeScreenController lambda$handleChartAddition$86] Old chart is updated for Nifty 50
[2021-05-26 11:38:33] [INFO] [com.wave4traders.utils.ATUtil downloadFile] Downloading: https://etmarketsapis.indiatimes.com/ET_Stats/getAllIndices?exchange=nse&pagesize=100
[2021-05-26 11:38:33] [INFO] [com.wave4traders.utils.ATUtil downloadFile] Done.
[2021-05-26 11:38:33] [INFO] [com.wave4traders.managers.BarSeriesManager getBarSeries] BarSeries last updated: 26-05-2021 11:38 am Nifty 50
[2021-05-26 11:38:33] [INFO] [com.wave4traders.utils.ATUtil downloadFile] Downloading: https://www.moneycontrol.com/india/indexfutures/nifty/9
[2021-05-26 11:38:37] [INFO] [com.wave4traders.utils.ATUtil downloadFile] Done.
[2021-05-26 11:38:37] [INFO] [com.wave4traders.utils.ATUtil downloadFile] Downloading: https://www.moneycontrol.com/india/indexfutures/nifty/9
[2021-05-26 11:38:41] [INFO] [com.wave4traders.utils.ATUtil downloadFile] Done.
[2021-05-26 11:38:41] [INFO] [com.wave4traders.view.HomeScreenController lambda$handleChartAddition$86] Old chart is updated for Nifty 50
[2021-05-26 11:38:45] [INFO] [com.wave4traders.managers.BarSeriesManager getBarSeries] BarSeries last updated: 26-05-2021 10:47 am BHARTIARTL
[2021-05-26 11:38:45] [INFO] [com.wave4traders.view.HomeScreenController lambda$handleChartAddition$86] New chart is added for BHARTIARTL
[2021-05-26 11:39:32] [INFO] [com.wave4traders.utils.ATUtil downloadFile] Downloading: https://json.bselivefeeds.indiatimes.com/ET_Community/companypagedata?companyid=2718
[2021-05-26 11:39:33] [INFO] [com.wave4traders.utils.ATUtil downloadFile] Done.
[2021-05-26 11:39:33] [INFO] [com.wave4traders.managers.BarSeriesManager getBarSeries] BarSeries last updated: 26-05-2021 11:39 am BHARTIARTL
[2021-05-26 11:39:33] [INFO] [com.wave4traders.utils.ATUtil downloadFile] Downloading: https://www.moneycontrol.com/india/fnoquote/bhartiairtel/BTV
[2021-05-26 11:39:39] [INFO] [com.wave4traders.utils.ATUtil downloadFile] Done.
[2021-05-26 11:39:40] [INFO] [com.wave4traders.view.HomeScreenController lambda$handleChartAddition$86] Old chart is updated for BHARTIARTL
[2021-05-26 11:39:41] [SEVERE] [com.wave4traders.datafeeds.DataSeriesCI addLastBarEtStock] Cannot add a bar with end time:2021-05-20T15:30+05:30[Asia/Kolkata] that is <= to series end time: 2021-05-28T03:30+05:30[Asia/Kolkata]
java.lang.IllegalArgumentException: Cannot add a bar with end time:2021-05-20T15:30+05:30[Asia/Kolkata] that is <= to series end time: 2021-05-28T03:30+05:30[Asia/Kolkata]
	at org.ta4j.core.BaseBarSeries.addBar(BaseBarSeries.java:406)
	at org.ta4j.core.BarSeries.addBar(BarSeries.java:159)
	at org.ta4j.core.BaseBarSeries.addBar(BaseBarSeries.java:441)
	at com.wave4traders.datafeeds.DataSeriesCI.addLastBarEtStock(DataSeriesCI.java:254)
	at com.wave4traders.datafeeds.DataSeriesCI.getBarSeriesNSE(DataSeriesCI.java:91)
	at com.wave4traders.managers.BarSeriesManager.getBarSeries(BarSeriesManager.java:49)
	at com.wave4traders.managers.DataUpdateManager.lambda$start$0(DataUpdateManager.java:50)
	at java.base/java.lang.Thread.run(Thread.java:831)

[2021-05-26 11:39:41] [INFO] [com.wave4traders.managers.BarSeriesManager getBarSeries] BarSeries last updated: 21-05-2021 03:30 am BHARTIARTL
[2021-05-26 11:39:42] [INFO] [com.wave4traders.view.HomeScreenController lambda$handleChartAddition$86] Old chart is updated for BHARTIARTL
[2021-05-26 11:39:50] [SEVERE] [com.wave4traders.datafeeds.DataSeriesCI addLastBarEtStock] Cannot add a bar with end time:2021-05-20T15:30+05:30[Asia/Kolkata] that is <= to series end time: 2021-05-28T03:30+05:30[Asia/Kolkata]
java.lang.IllegalArgumentException: Cannot add a bar with end time:2021-05-20T15:30+05:30[Asia/Kolkata] that is <= to series end time: 2021-05-28T03:30+05:30[Asia/Kolkata]
	at org.ta4j.core.BaseBarSeries.addBar(BaseBarSeries.java:406)
	at org.ta4j.core.BarSeries.addBar(BarSeries.java:159)
	at org.ta4j.core.BaseBarSeries.addBar(BaseBarSeries.java:441)
	at com.wave4traders.datafeeds.DataSeriesCI.addLastBarEtStock(DataSeriesCI.java:254)
	at com.wave4traders.datafeeds.DataSeriesCI.getBarSeriesNSE(DataSeriesCI.java:91)
	at com.wave4traders.managers.BarSeriesManager.getBarSeries(BarSeriesManager.java:49)
	at com.wave4traders.managers.DataUpdateManager.lambda$start$0(DataUpdateManager.java:50)
	at java.base/java.lang.Thread.run(Thread.java:831)

[2021-05-26 11:39:50] [INFO] [com.wave4traders.managers.BarSeriesManager getBarSeries] BarSeries last updated: 21-05-2021 03:30 am BHARTIARTL
[2021-05-26 11:39:50] [INFO] [com.wave4traders.view.HomeScreenController lambda$handleChartAddition$86] Old chart is updated for BHARTIARTL
[2021-05-26 11:39:54] [SEVERE] [com.wave4traders.datafeeds.DataSeriesCI addLastBarEtStock] Cannot add a bar with end time:2021-05-20T15:30+05:30[Asia/Kolkata] that is <= to series end time: 2021-05-28T03:30+05:30[Asia/Kolkata]
java.lang.IllegalArgumentException: Cannot add a bar with end time:2021-05-20T15:30+05:30[Asia/Kolkata] that is <= to series end time: 2021-05-28T03:30+05:30[Asia/Kolkata]
	at org.ta4j.core.BaseBarSeries.addBar(BaseBarSeries.java:406)
	at org.ta4j.core.BarSeries.addBar(BarSeries.java:159)
	at org.ta4j.core.BaseBarSeries.addBar(BaseBarSeries.java:441)
	at com.wave4traders.datafeeds.DataSeriesCI.addLastBarEtStock(DataSeriesCI.java:254)
	at com.wave4traders.datafeeds.DataSeriesCI.getBarSeriesNSE(DataSeriesCI.java:91)
	at com.wave4traders.managers.BarSeriesManager.getBarSeries(BarSeriesManager.java:49)
	at com.wave4traders.managers.DataUpdateManager.lambda$start$0(DataUpdateManager.java:50)
	at java.base/java.lang.Thread.run(Thread.java:831)

[2021-05-26 11:39:54] [INFO] [com.wave4traders.managers.BarSeriesManager getBarSeries] BarSeries last updated: 21-05-2021 03:30 am BHARTIARTL
[2021-05-26 11:39:54] [INFO] [com.wave4traders.view.HomeScreenController lambda$handleChartAddition$86] Old chart is updated for BHARTIARTL
[2021-05-26 11:39:55] [SEVERE] [com.wave4traders.datafeeds.DataSeriesCI addLastBarEtStock] Cannot add a bar with end time:2021-05-20T15:30+05:30[Asia/Kolkata] that is <= to series end time: 2021-05-28T03:30+05:30[Asia/Kolkata]
java.lang.IllegalArgumentException: Cannot add a bar with end time:2021-05-20T15:30+05:30[Asia/Kolkata] that is <= to series end time: 2021-05-28T03:30+05:30[Asia/Kolkata]
	at org.ta4j.core.BaseBarSeries.addBar(BaseBarSeries.java:406)
	at org.ta4j.core.BarSeries.addBar(BarSeries.java:159)
	at org.ta4j.core.BaseBarSeries.addBar(BaseBarSeries.java:441)
	at com.wave4traders.datafeeds.DataSeriesCI.addLastBarEtStock(DataSeriesCI.java:254)
	at com.wave4traders.datafeeds.DataSeriesCI.getBarSeriesNSE(DataSeriesCI.java:91)
	at com.wave4traders.managers.BarSeriesManager.getBarSeries(BarSeriesManager.java:49)
	at com.wave4traders.managers.DataUpdateManager.lambda$start$0(DataUpdateManager.java:50)
	at java.base/java.lang.Thread.run(Thread.java:831)

[2021-05-26 11:39:55] [INFO] [com.wave4traders.managers.BarSeriesManager getBarSeries] BarSeries last updated: 21-05-2021 03:30 am BHARTIARTL
[2021-05-26 11:39:55] [INFO] [com.wave4traders.view.HomeScreenController lambda$handleChartAddition$86] Old chart is updated for BHARTIARTL
[2021-05-26 11:40:02] [SEVERE] [com.wave4traders.datafeeds.DataSeriesCI addLastBarEtStock] Cannot add a bar with end time:2021-05-20T15:30+05:30[Asia/Kolkata] that is <= to series end time: 2021-05-28T03:30+05:30[Asia/Kolkata]
java.lang.IllegalArgumentException: Cannot add a bar with end time:2021-05-20T15:30+05:30[Asia/Kolkata] that is <= to series end time: 2021-05-28T03:30+05:30[Asia/Kolkata]
	at org.ta4j.core.BaseBarSeries.addBar(BaseBarSeries.java:406)
	at org.ta4j.core.BarSeries.addBar(BarSeries.java:159)
	at org.ta4j.core.BaseBarSeries.addBar(BaseBarSeries.java:441)
	at com.wave4traders.datafeeds.DataSeriesCI.addLastBarEtStock(DataSeriesCI.java:254)
	at com.wave4traders.datafeeds.DataSeriesCI.getBarSeriesNSE(DataSeriesCI.java:91)
	at com.wave4traders.managers.BarSeriesManager.getBarSeries(BarSeriesManager.java:49)
	at com.wave4traders.managers.DataUpdateManager.lambda$start$0(DataUpdateManager.java:50)
	at java.base/java.lang.Thread.run(Thread.java:831)

[2021-05-26 11:40:02] [INFO] [com.wave4traders.managers.BarSeriesManager getBarSeries] BarSeries last updated: 21-05-2021 03:30 am BHARTIARTL
[2021-05-26 11:40:02] [INFO] [com.wave4traders.view.HomeScreenController lambda$handleChartAddition$86] Old chart is updated for BHARTIARTL
[2021-05-26 11:40:06] [INFO] [com.wave4traders.managers.BarSeriesManager getBarSeries] BarSeries last updated: 26-05-2021 11:39 am BHARTIARTL
[2021-05-26 11:40:07] [INFO] [com.wave4traders.view.HomeScreenController lambda$handleChartAddition$86] Old chart is updated for BHARTIARTL
[2021-05-26 11:40:13] [INFO] [com.wave4traders.utils.ATUtil downloadFile] Downloading: https://json.bselivefeeds.indiatimes.com/ET_Community/companypagedata?companyid=2718
[2021-05-26 11:40:13] [INFO] [com.wave4traders.utils.ATUtil downloadFile] Done.
[2021-05-26 11:40:13] [INFO] [com.wave4traders.managers.BarSeriesManager getBarSeries] BarSeries last updated: 26-05-2021 11:39 am BHARTIARTL
[2021-05-26 11:40:13] [INFO] [com.wave4traders.utils.ATUtil downloadFile] Downloading: https://www.moneycontrol.com/india/fnoquote/bhartiairtel/BTV
[2021-05-26 11:40:14] [INFO] [com.wave4traders.utils.ATUtil downloadFile] Done.
[2021-05-26 11:40:14] [INFO] [com.wave4traders.utils.ATUtil downloadFile] Downloading: https://www.moneycontrol.com/india/fnoquote/bhartiairtel/BTV
[2021-05-26 11:40:15] [INFO] [com.wave4traders.utils.ATUtil downloadFile] Done.
[2021-05-26 11:40:15] [INFO] [com.wave4traders.view.HomeScreenController lambda$handleChartAddition$86] Old chart is updated for BHARTIARTL
[2021-05-26 11:40:23] [INFO] [com.wave4traders.utils.ATUtil downloadFile] Downloading: https://json.bselivefeeds.indiatimes.com/ET_Community/companypagedata?companyid=2718
[2021-05-26 11:40:23] [INFO] [com.wave4traders.utils.ATUtil downloadFile] Done.
[2021-05-26 11:40:23] [INFO] [com.wave4traders.managers.BarSeriesManager getBarSeries] BarSeries last updated: 26-05-2021 11:40 am BHARTIARTL
[2021-05-26 11:40:23] [INFO] [com.wave4traders.utils.ATUtil downloadFile] Downloading: https://www.moneycontrol.com/india/fnoquote/bhartiairtel/BTV
[2021-05-26 11:40:24] [INFO] [com.wave4traders.utils.ATUtil downloadFile] Done.
[2021-05-26 11:40:24] [SEVERE] [com.wave4traders.datafeeds.DataSeriesFO parseSingleFuture] Index 0 out of bounds for length 0
java.lang.IndexOutOfBoundsException: Index 0 out of bounds for length 0
	at java.base/jdk.internal.util.Preconditions.outOfBounds(Preconditions.java:64)
	at java.base/jdk.internal.util.Preconditions.outOfBoundsCheckIndex(Preconditions.java:70)
	at java.base/jdk.internal.util.Preconditions.checkIndex(Preconditions.java:266)
	at java.base/java.util.Objects.checkIndex(Objects.java:359)
	at java.base/java.util.ArrayList.get(ArrayList.java:427)
	at com.wave4traders.datafeeds.DataSeriesFO.getFutMetaInfo(DataSeriesFO.java:123)
	at com.wave4traders.datafeeds.DataSeriesFO.parseSingleFuture(DataSeriesFO.java:90)
	at com.wave4traders.datafeeds.DataSeriesFO.getBhavFutureMap(DataSeriesFO.java:48)
	at com.wave4traders.managers.DataUpdateManager.lambda$start$0(DataUpdateManager.java:55)
	at java.base/java.lang.Thread.run(Thread.java:831)

[2021-05-26 11:40:24] [INFO] [com.wave4traders.utils.ATUtil downloadFile] Downloading: https://www.moneycontrol.com/india/fnoquote/bhartiairtel/BTV
[2021-05-26 11:40:25] [INFO] [com.wave4traders.utils.ATUtil downloadFile] Done.
[2021-05-26 11:40:25] [SEVERE] [com.wave4traders.datafeeds.DataSeriesFO parseSingleOption] Index 0 out of bounds for length 0
java.lang.IndexOutOfBoundsException: Index 0 out of bounds for length 0
	at java.base/jdk.internal.util.Preconditions.outOfBounds(Preconditions.java:64)
	at java.base/jdk.internal.util.Preconditions.outOfBoundsCheckIndex(Preconditions.java:70)
	at java.base/jdk.internal.util.Preconditions.checkIndex(Preconditions.java:266)
	at java.base/java.util.Objects.checkIndex(Objects.java:359)
	at java.base/java.util.ArrayList.get(ArrayList.java:427)
	at com.wave4traders.datafeeds.DataSeriesFO.getOptMetaInfo(DataSeriesFO.java:415)
	at com.wave4traders.datafeeds.DataSeriesFO.parseSingleOption(DataSeriesFO.java:335)
	at com.wave4traders.datafeeds.DataSeriesFO.getBhavOptionMap(DataSeriesFO.java:295)
	at com.wave4traders.managers.DataUpdateManager.lambda$start$0(DataUpdateManager.java:61)
	at java.base/java.lang.Thread.run(Thread.java:831)

[2021-05-26 11:40:25] [INFO] [com.wave4traders.view.HomeScreenController lambda$handleChartAddition$86] Old chart is updated for BHARTIARTL
[2021-05-26 11:46:06] [INFO] [com.wave4traders.AlgoTrader stop] AlgoTrader is closed...!
